<?xml version="1.0" encoding="UTF-8"?>
<testng-results skipped="2" failed="0" total="2" passed="0">
  <reporter-output>
  </reporter-output>
  <suite name="Default suite" duration-ms="32" started-at="2018-02-27T19:53:55Z" finished-at="2018-02-27T19:53:55Z">
    <groups>
    </groups>
    <test name="Default test" duration-ms="32" started-at="2018-02-27T19:53:55Z" finished-at="2018-02-27T19:53:55Z">
      <class name="sample.mainApp">
        <test-method status="FAIL" signature="beforeSuite()[pri:0, instance:sample.mainApp@239963d8]" name="beforeSuite" is-config="true" duration-ms="0" started-at="2018-02-27T20:53:55Z" finished-at="2018-02-27T20:53:55Z">
          <exception class="java.lang.IllegalStateException">
            <message>
              <![CDATA[The path to the driver executable must be set by the webdriver.gecko.driver system property; for more information, see https://github.com/mozilla/geckodriver. The latest version can be downloaded from https://github.com/mozilla/geckodriver/releases]]>
            </message>
            <full-stacktrace>
              <![CDATA[java.lang.IllegalStateException: The path to the driver executable must be set by the webdriver.gecko.driver system property; for more information, see https://github.com/mozilla/geckodriver. The latest version can be downloaded from https://github.com/mozilla/geckodriver/releases
	at com.google.common.base.Preconditions.checkState(Preconditions.java:754)
	at org.openqa.selenium.remote.service.DriverService.findExecutable(DriverService.java:124)
	at org.openqa.selenium.firefox.GeckoDriverService.access$100(GeckoDriverService.java:41)
	at org.openqa.selenium.firefox.GeckoDriverService$Builder.findDefaultExecutable(GeckoDriverService.java:141)
	at org.openqa.selenium.remote.service.DriverService$Builder.build(DriverService.java:339)
	at org.openqa.selenium.firefox.FirefoxDriver.toExecutor(FirefoxDriver.java:158)
	at org.openqa.selenium.firefox.FirefoxDriver.<init>(FirefoxDriver.java:120)
	at org.openqa.selenium.firefox.FirefoxDriver.<init>(FirefoxDriver.java:98)
	at sample.mainApp.beforeSuite(mainApp.java:29)
	at sun.reflect.NativeMethodAccessorImpl.invoke0(Native Method)
	at sun.reflect.NativeMethodAccessorImpl.invoke(Unknown Source)
	at sun.reflect.DelegatingMethodAccessorImpl.invoke(Unknown Source)
	at java.lang.reflect.Method.invoke(Unknown Source)
	at org.testng.internal.MethodInvocationHelper.invokeMethod(MethodInvocationHelper.java:84)
	at org.testng.internal.Invoker.invokeConfigurationMethod(Invoker.java:564)
	at org.testng.internal.Invoker.invokeConfigurations(Invoker.java:213)
	at org.testng.internal.Invoker.invokeConfigurations(Invoker.java:138)
	at org.testng.SuiteRunner.privateRun(SuiteRunner.java:277)
	at org.testng.SuiteRunner.run(SuiteRunner.java:240)
	at org.testng.SuiteRunnerWorker.runSuite(SuiteRunnerWorker.java:52)
	at org.testng.SuiteRunnerWorker.run(SuiteRunnerWorker.java:86)
	at org.testng.TestNG.runSuitesSequentially(TestNG.java:1224)
	at org.testng.TestNG.runSuitesLocally(TestNG.java:1149)
	at org.testng.TestNG.run(TestNG.java:1057)
	at org.testng.remote.AbstractRemoteTestNG.run(AbstractRemoteTestNG.java:114)
	at org.testng.remote.RemoteTestNG.initAndRun(RemoteTestNG.java:251)
	at org.testng.remote.RemoteTestNG.main(RemoteTestNG.java:77)
]]>
            </full-stacktrace>
          </exception> <!-- java.lang.IllegalStateException -->
          <reporter-output>
          </reporter-output>
        </test-method> <!-- beforeSuite -->
        <test-method status="SKIP" signature="beforeTest()[pri:0, instance:sample.mainApp@239963d8]" name="beforeTest" is-config="true" duration-ms="0" started-at="2018-02-27T20:53:55Z" finished-at="2018-02-27T20:53:55Z">
          <reporter-output>
          </reporter-output>
        </test-method> <!-- beforeTest -->
        <test-method status="SKIP" signature="runTest2()[pri:0, instance:sample.mainApp@239963d8]" name="runTest2" duration-ms="2" started-at="2018-02-27T20:53:55Z" finished-at="2018-02-27T20:53:55Z">
          <reporter-output>
          </reporter-output>
        </test-method> <!-- runTest2 -->
        <test-method status="SKIP" signature="testEmail()[pri:0, instance:sample.mainApp@239963d8]" name="testEmail" duration-ms="2" started-at="2018-02-27T20:53:55Z" finished-at="2018-02-27T20:53:55Z">
          <reporter-output>
          </reporter-output>
        </test-method> <!-- testEmail -->
        <test-method status="SKIP" signature="afterTest()[pri:0, instance:sample.mainApp@239963d8]" name="afterTest" is-config="true" duration-ms="0" started-at="2018-02-27T20:53:55Z" finished-at="2018-02-27T20:53:55Z">
          <reporter-output>
          </reporter-output>
        </test-method> <!-- afterTest -->
        <test-method status="SKIP" signature="afterSuite()[pri:0, instance:sample.mainApp@239963d8]" name="afterSuite" is-config="true" duration-ms="0" started-at="2018-02-27T20:53:55Z" finished-at="2018-02-27T20:53:55Z">
          <reporter-output>
          </reporter-output>
        </test-method> <!-- afterSuite -->
      </class> <!-- sample.mainApp -->
    </test> <!-- Default test -->
  </suite> <!-- Default suite -->
</testng-results>
