<?xml version="1.0" encoding="UTF-8"?>
<testng-results skipped="0" failed="0" total="2" passed="2">
  <reporter-output>
  </reporter-output>
  <suite name="Default suite" duration-ms="36" started-at="2018-02-13T21:31:34Z" finished-at="2018-02-13T21:31:34Z">
    <groups>
    </groups>
    <test name="Default test" duration-ms="36" started-at="2018-02-13T21:31:34Z" finished-at="2018-02-13T21:31:34Z">
      <class name="sample.mainApp">
        <test-method status="PASS" signature="beforeSuite()[pri:0, instance:sample.mainApp@6a024a67]" name="beforeSuite" is-config="true" duration-ms="10" started-at="2018-02-13T22:31:34Z" finished-at="2018-02-13T22:31:34Z">
          <reporter-output>
          </reporter-output>
        </test-method> <!-- beforeSuite -->
        <test-method status="PASS" signature="beforeTest()[pri:0, instance:sample.mainApp@6a024a67]" name="beforeTest" is-config="true" duration-ms="0" started-at="2018-02-13T22:31:34Z" finished-at="2018-02-13T22:31:34Z">
          <reporter-output>
          </reporter-output>
        </test-method> <!-- beforeTest -->
        <test-method status="PASS" signature="runTest2()[pri:0, instance:sample.mainApp@6a024a67]" name="runTest2" duration-ms="12" started-at="2018-02-13T22:31:34Z" finished-at="2018-02-13T22:31:34Z">
          <reporter-output>
          </reporter-output>
        </test-method> <!-- runTest2 -->
        <test-method status="PASS" signature="testEmail()[pri:0, instance:sample.mainApp@6a024a67]" name="testEmail" duration-ms="3" started-at="2018-02-13T22:31:34Z" finished-at="2018-02-13T22:31:34Z">
          <reporter-output>
          </reporter-output>
        </test-method> <!-- testEmail -->
        <test-method status="PASS" signature="afterTest()[pri:0, instance:sample.mainApp@6a024a67]" name="afterTest" is-config="true" duration-ms="1" started-at="2018-02-13T22:31:34Z" finished-at="2018-02-13T22:31:34Z">
          <reporter-output>
          </reporter-output>
        </test-method> <!-- afterTest -->
        <test-method status="PASS" signature="afterSuite()[pri:0, instance:sample.mainApp@6a024a67]" name="afterSuite" is-config="true" duration-ms="1" started-at="2018-02-13T22:31:34Z" finished-at="2018-02-13T22:31:34Z">
          <reporter-output>
          </reporter-output>
        </test-method> <!-- afterSuite -->
      </class> <!-- sample.mainApp -->
    </test> <!-- Default test -->
  </suite> <!-- Default suite -->
</testng-results>
